
**** Build of configuration Debug for project PAL5 ****

make all 
Building file: ../main.cpp
Invoking: Cygwin C++ Compiler
g++ -O0 -g3 -Wall -c -fmessage-length=0 -MMD -MP -MF"main.d" -MT"main.d" -o "main.o" "../main.cpp"
Finished building: ../main.cpp
 
Building target: PAL5.exe
Invoking: Cygwin C++ Linker
g++  -o "PAL5.exe"  ./main.o   
Finished building target: PAL5.exe
 

**** Build Finished ****

**** Build of configuration Debug for project PAL5 ****

make all 
make: Nothing to be done for `all'.

**** Build Finished ****

**** Build of configuration Debug for project PAL5 ****

make all 
make: Nothing to be done for `all'.

**** Build Finished ****

**** Build of configuration Debug for project PAL5 ****

make all 
make: Nothing to be done for `all'.

**** Build Finished ****

**** Build of configuration Debug for project PAL5 ****

make all 
Building file: ../main.cpp
Invoking: Cygwin C++ Compiler
g++ -O0 -g3 -Wall -c -fmessage-length=0 -MMD -MP -MF"main.d" -MT"main.d" -o "main.o" "../main.cpp"
Finished building: ../main.cpp
 
Building target: PAL5.exe
Invoking: Cygwin C++ Linker
g++  -o "PAL5.exe"  ./main.o   
Finished building target: PAL5.exe
 

**** Build Finished ****

**** Build of configuration Debug for project PAL5 ****

make all 
make: Nothing to be done for `all'.

**** Build Finished ****

**** Build of configuration Debug for project PAL5 ****

make all 
Building file: ../main.cpp
Invoking: Cygwin C++ Compiler
g++ -O0 -g3 -Wall -c -fmessage-length=0 -MMD -MP -MF"main.d" -MT"main.d" -o "main.o" "../main.cpp"
Finished building: ../main.cpp
 
Building target: PAL5.exe
Invoking: Cygwin C++ Linker
g++  -o "PAL5.exe"  ./main.o   
Finished building target: PAL5.exe
 

**** Build Finished ****

**** Build of configuration Debug for project PAL5 ****

make all 
Building file: ../main.cpp
Invoking: Cygwin C++ Compiler
g++ -O0 -g3 -Wall -c -fmessage-length=0 -MMD -MP -MF"main.d" -MT"main.d" -o "main.o" "../main.cpp"
Finished building: ../main.cpp
 
Building target: PAL5.exe
Invoking: Cygwin C++ Linker
g++  -o "PAL5.exe"  ./main.o   
Finished building target: PAL5.exe
 

**** Build Finished ****

**** Build of configuration Debug for project PALXY ****

make all 
make: Nothing to be done for `all'.

**** Build Finished ****
