Build started 4.3.2013 15:53:16.
     1>Project "D:\skola\Fel_Ing\4.semestr\PGR\shaders-interface\shaders-interface.vcxproj" on node 2 (build target(s)).
     1>InitializeBuildStatus:
         Creating "Debug\shaders-interface.unsuccessfulbuild" because "AlwaysCreate" was specified.
       ClCompile:
         h:\Program Files (x86)\Microsoft Visual Studio 10.0\VC\bin\CL.exe /c /I"D:\skola\Fel_Ing\4.semestr\PGR\pgr-framework\include" /ZI /nologo /W3 /WX- /Od /Oy- /D WIN32 /D _DEBUG /D _CONSOLE /D _UNICODE /D UNICODE /Gm /EHsc /RTC1 /MDd /GS /fp:precise /Zc:wchar_t /Zc:forScope /Fo"Debug\\" /Fd"Debug\vc100.pdb" /Gd /TP /analyze- /errorReport:prompt ogl_types.cpp "shaders-interface.cpp"
         ogl_types.cpp
         Generating Code...
         Compiling...
         shaders-interface.cpp
     1>d:\skola\fel_ing\4.semestr\pgr\shaders-interface\shaders-interface.cpp(224): warning C4244: 'initializing' : conversion from 'double' to 'float', possible loss of data
         Generating Code...
       ManifestResourceCompile:
         All outputs are up-to-date.
       Link:
         h:\Program Files (x86)\Microsoft Visual Studio 10.0\VC\bin\link.exe /ERRORREPORT:PROMPT /OUT:"D:\skola\Fel_Ing\4.semestr\PGR\shaders-interface\Debug\shaders-interface.exe" /INCREMENTAL /NOLOGO /LIBPATH:"D:\skola\Fel_Ing\4.semestr\PGR\pgr-framework\lib" pgrd.lib kernel32.lib user32.lib gdi32.lib winspool.lib comdlg32.lib advapi32.lib shell32.lib ole32.lib oleaut32.lib uuid.lib odbc32.lib odbccp32.lib kernel32.lib user32.lib gdi32.lib winspool.lib comdlg32.lib advapi32.lib shell32.lib ole32.lib oleaut32.lib uuid.lib odbc32.lib odbccp32.lib /MANIFEST /ManifestFile:"Debug\shaders-interface.exe.intermediate.manifest" /MANIFESTUAC:"level='asInvoker' uiAccess='false'" /DEBUG /PDB:"D:\skola\Fel_Ing\4.semestr\PGR\shaders-interface\Debug\shaders-interface.pdb" /SUBSYSTEM:CONSOLE /TLBID:1 /DYNAMICBASE /NXCOMPAT /IMPLIB:"D:\skola\Fel_Ing\4.semestr\PGR\shaders-interface\Debug\shaders-interface.lib" /MACHINE:X86 "Debug\shaders-interface.exe.embed.manifest.res"
         "Debug\shaders-interface.obj"
         Debug\ogl_types.obj
       Manifest:
         C:\Program Files (x86)\Microsoft SDKs\Windows\v7.0A\bin\mt.exe /nologo /verbose /out:"Debug\shaders-interface.exe.embed.manifest" /manifest "Debug\shaders-interface.exe.intermediate.manifest"
         All outputs are up-to-date.
       LinkEmbedManifest:
         All outputs are up-to-date.
         shaders-interface.vcxproj -> D:\skola\Fel_Ing\4.semestr\PGR\shaders-interface\Debug\shaders-interface.exe
       FinalizeBuildStatus:
         Deleting file "Debug\shaders-interface.unsuccessfulbuild".
         Touching "Debug\shaders-interface.lastbuildstate".
     1>Done Building Project "D:\skola\Fel_Ing\4.semestr\PGR\shaders-interface\shaders-interface.vcxproj" (build target(s)).

Build succeeded.

Time Elapsed 00:00:03.00
