This is pdfTeX, Version 3.1415926-1.40.10 (MiKTeX 2.8) (preloaded format=pdflatex 2010.4.27)  14 JUN 2010 22:18
entering extended mode
**E:/Fel/4.semestr/VD*(vytezovani*dat)/report*templates*2/336vd_report.tex
("E:/Fel/4.semestr/VD (vytezovani dat)/report templates 2/336vd_report.tex"
LaTeX2e <2009/09/24>
Babel <v3.8l> and hyphenation patterns for english, dumylang, nohyphenation, ge
rman, ngerman, german-x-2009-06-19, ngerman-x-2009-06-19, french, loaded.
("E:\Fel\4.semestr\VD (vytezovani dat)\report templates 2\IEEEtran.cls"
Document Class: IEEEtran 2002/11/18 revision V1.6b by Michael Shell
-- See the "IEEEtran_HOWTO" manual for usage information.
-- The source comments contain changelog notes.
\@IEEEtrantmpdimenA=\dimen102
\@IEEEtrantmpdimenB=\dimen103
\@IEEEtrantmpcountA=\count79
\@IEEEtrantmpcountB=\count80
\@IEEEtrantmptoksA=\toks14
LaTeX Font Info:    Try loading font information for OT1+ptm on input line 777.

("C:\Program Files (x86)\MiKTeX 2.8\tex\latex\psnfss\ot1ptm.fd"
File: ot1ptm.fd 2001/06/04 font definitions for OT1/ptm.
)
\@IEEEnormalsizefontbaselineskip=\skip41

-- This is a 10 point document.
\normalsizebaselineskip=\skip42
\normaljot=\skip43
LaTeX Font Info:    Font shape `OT1/ptm/bx/n' in size <5> not available
(Font)              Font shape `OT1/ptm/b/n' tried instead on input line 1096.
LaTeX Font Info:    Font shape `OT1/ptm/bx/it' in size <5> not available
(Font)              Font shape `OT1/ptm/b/it' tried instead on input line 1096.

LaTeX Font Info:    Font shape `OT1/ptm/bx/n' in size <7> not available
(Font)              Font shape `OT1/ptm/b/n' tried instead on input line 1096.
LaTeX Font Info:    Font shape `OT1/ptm/bx/it' in size <7> not available
(Font)              Font shape `OT1/ptm/b/it' tried instead on input line 1096.

LaTeX Font Info:    Font shape `OT1/ptm/bx/n' in size <8> not available
(Font)              Font shape `OT1/ptm/b/n' tried instead on input line 1096.
LaTeX Font Info:    Font shape `OT1/ptm/bx/it' in size <8> not available
(Font)              Font shape `OT1/ptm/b/it' tried instead on input line 1096.

LaTeX Font Info:    Font shape `OT1/ptm/bx/n' in size <9> not available
(Font)              Font shape `OT1/ptm/b/n' tried instead on input line 1096.
LaTeX Font Info:    Font shape `OT1/ptm/bx/it' in size <9> not available
(Font)              Font shape `OT1/ptm/b/it' tried instead on input line 1096.

LaTeX Font Info:    Font shape `OT1/ptm/bx/n' in size <10> not available
(Font)              Font shape `OT1/ptm/b/n' tried instead on input line 1096.
LaTeX Font Info:    Font shape `OT1/ptm/bx/it' in size <10> not available
(Font)              Font shape `OT1/ptm/b/it' tried instead on input line 1096.

LaTeX Font Info:    Font shape `OT1/ptm/bx/n' in size <11> not available
(Font)              Font shape `OT1/ptm/b/n' tried instead on input line 1096.
LaTeX Font Info:    Font shape `OT1/ptm/bx/it' in size <11> not available
(Font)              Font shape `OT1/ptm/b/it' tried instead on input line 1096.

LaTeX Font Info:    Font shape `OT1/ptm/bx/n' in size <12> not available
(Font)              Font shape `OT1/ptm/b/n' tried instead on input line 1096.
LaTeX Font Info:    Font shape `OT1/ptm/bx/it' in size <12> not available
(Font)              Font shape `OT1/ptm/b/it' tried instead on input line 1096.

LaTeX Font Info:    Font shape `OT1/ptm/bx/n' in size <17> not available
(Font)              Font shape `OT1/ptm/b/n' tried instead on input line 1096.
LaTeX Font Info:    Font shape `OT1/ptm/bx/it' in size <17> not available
(Font)              Font shape `OT1/ptm/b/it' tried instead on input line 1096.

LaTeX Font Info:    Font shape `OT1/ptm/bx/n' in size <20> not available
(Font)              Font shape `OT1/ptm/b/n' tried instead on input line 1096.
LaTeX Font Info:    Font shape `OT1/ptm/bx/it' in size <20> not available
(Font)              Font shape `OT1/ptm/b/it' tried instead on input line 1096.

LaTeX Font Info:    Font shape `OT1/ptm/bx/n' in size <24> not available
(Font)              Font shape `OT1/ptm/b/n' tried instead on input line 1096.
LaTeX Font Info:    Font shape `OT1/ptm/bx/it' in size <24> not available
(Font)              Font shape `OT1/ptm/b/it' tried instead on input line 1096.

\IEEEilabelindentA=\dimen104
\IEEEilabelindentB=\dimen105
\IEEEilabelindent=\dimen106
\IEEEelabelindent=\dimen107
\IEEEdlabelindent=\dimen108
\labelindent=\dimen109
\IEEEiednormlabelsep=\dimen110
\IEEEiedmathlabelsep=\dimen111
\IEEEiedtopsep=\skip44
\c@section=\count81
\c@subsection=\count82
\c@subsubsection=\count83
\c@paragraph=\count84
\c@IEEEsubequation=\count85
\abovecaptionskip=\skip45
\belowcaptionskip=\skip46
\c@figure=\count86
\c@table=\count87
\@IEEEeqnnumcols=\count88
\@IEEEeqncolcnt=\count89
\@IEEEtmpitemindent=\dimen112
\c@biography=\count90
\@IEEEtranrubishbin=\box26
) ("C:\Program Files (x86)\MiKTeX 2.8\tex\latex\graphics\graphicx.sty"
Package: graphicx 1999/02/16 v1.0f Enhanced LaTeX Graphics (DPC,SPQR)

("C:\Program Files (x86)\MiKTeX 2.8\tex\latex\graphics\keyval.sty"
Package: keyval 1999/03/16 v1.13 key=value parser (DPC)
\KV@toks@=\toks15
)
("C:\Program Files (x86)\MiKTeX 2.8\tex\latex\graphics\graphics.sty"
Package: graphics 2009/02/05 v1.0o Standard LaTeX Graphics (DPC,SPQR)

("C:\Program Files (x86)\MiKTeX 2.8\tex\latex\graphics\trig.sty"
Package: trig 1999/03/16 v1.09 sin cos tan (DPC)
)
("C:\Program Files (x86)\MiKTeX 2.8\tex\latex\00miktex\graphics.cfg"
File: graphics.cfg 2007/01/18 v1.5 graphics configuration of teTeX/TeXLive
)
Package graphics Info: Driver file: pdftex.def on input line 91.

("C:\Program Files (x86)\MiKTeX 2.8\tex\latex\pdftex-def\pdftex.def"
File: pdftex.def 2009/08/25 v0.04m Graphics/color for pdfTeX
\Gread@gobject=\count91
))
\Gin@req@height=\dimen113
\Gin@req@width=\dimen114
)
("E:\Fel\4.semestr\VD (vytezovani dat)\report templates 2\336vd_report.aux"

LaTeX Warning: Label `table_example' multiply defined.


LaTeX Warning: Label `f-ac' multiply defined.


LaTeX Warning: Label `f-ac' multiply defined.


LaTeX Warning: Label `f-ac' multiply defined.

)
LaTeX Font Info:    Checking defaults for OML/cmm/m/it on input line 11.
LaTeX Font Info:    ... okay on input line 11.
LaTeX Font Info:    Checking defaults for T1/cmr/m/n on input line 11.
LaTeX Font Info:    ... okay on input line 11.
LaTeX Font Info:    Checking defaults for OT1/cmr/m/n on input line 11.
LaTeX Font Info:    ... okay on input line 11.
LaTeX Font Info:    Checking defaults for OMS/cmsy/m/n on input line 11.
LaTeX Font Info:    ... okay on input line 11.
LaTeX Font Info:    Checking defaults for OMX/cmex/m/n on input line 11.
LaTeX Font Info:    ... okay on input line 11.
LaTeX Font Info:    Checking defaults for U/cmr/m/n on input line 11.
LaTeX Font Info:    ... okay on input line 11.
 ("C:\Program Files (x86)\MiKTeX 2.8\tex\context\base\supp-pdf.tex"
[Loading MPS to PDF converter (version 2006.09.02).]
\scratchcounter=\count92
\scratchdimen=\dimen115
\scratchbox=\box27
\nofMPsegments=\count93
\nofMParguments=\count94
\everyMPshowfont=\toks16
\MPscratchCnt=\count95
\MPscratchDim=\dimen116
\MPnumerator=\count96
\everyMPtoPDFconversion=\toks17
)
Underfull \hbox (badness 1642) in paragraph at lines 27--32
[]\OT1/ptm/m/n/10 Vyberte si data, kter[]a jsou pou[]ziteln[]a pro klasi-fikaci

 []

LaTeX Font Info:    External font `cmex10' loaded for size
(Font)              <8> on input line 47.
LaTeX Font Info:    External font `cmex10' loaded for size
(Font)              <6> on input line 47.
LaTeX Font Info:    External font `cmex10' loaded for size
(Font)              <5> on input line 47.
LaTeX Font Info:    External font `cmex10' loaded for size
(Font)              <7> on input line 88.


pdfTeX warning: pdflatex (file E:/Fel/4.semestr/VD (vytezovani dat)/report temp
lates 2/porovnani_vzd.pdf): PDF inclusion: found PDF version <1.5>, but at most
 version <1.4> allowed
<porovnani_vzd.pdf, id=1, 845.1575pt x 597.23125pt>
File: porovnani_vzd.pdf Graphic file (type pdf)
 <use porovnani_vzd.pdf>
Overfull \hbox (37.07999pt too wide) in paragraph at lines 139--140
 [] 
 []


LaTeX Warning: `!h' float specifier changed to `!ht'.



pdfTeX warning: pdflatex (file E:/Fel/4.semestr/VD (vytezovani dat)/report temp
lates 2/manhattan.pdf): PDF inclusion: found PDF version <1.5>, but at most ver
sion <1.4> allowed
<manhattan.pdf, id=2, 845.1575pt x 597.23125pt>
File: manhattan.pdf Graphic file (type pdf)
 <use manhattan.pdf>
Overfull \hbox (37.07999pt too wide) in paragraph at lines 146--147
 [] 
 []


LaTeX Warning: `!h' float specifier changed to `!ht'.



pdfTeX warning: pdflatex (file E:/Fel/4.semestr/VD (vytezovani dat)/report temp
lates 2/cos.pdf): PDF inclusion: found PDF version <1.5>, but at most version <
1.4> allowed
<cos.pdf, id=3, 845.1575pt x 597.23125pt>
File: cos.pdf Graphic file (type pdf)
 <use cos.pdf>
Overfull \hbox (37.07999pt too wide) in paragraph at lines 153--154
 [] 
 []


LaTeX Warning: `!h' float specifier changed to `!ht'.



pdfTeX warning: pdflatex (file E:/Fel/4.semestr/VD (vytezovani dat)/report temp
lates 2/euklid.pdf): PDF inclusion: found PDF version <1.5>, but at most versio
n <1.4> allowed
<euklid.pdf, id=4, 845.1575pt x 597.23125pt>
File: euklid.pdf Graphic file (type pdf)
 <use euklid.pdf>
Overfull \hbox (37.07999pt too wide) in paragraph at lines 160--161
 [] 
 []


LaTeX Warning: `!h' float specifier changed to `!ht'.

[1{C:/ProgramData/MiKTeX/2.8/pdftex/config/pdftex.map}


] [2 <E:/Fel/4.semestr/VD (vytezovani dat)/report templates 2/porovnani_vzd.pdf
, page is rotated 90 degrees> <E:/Fel/4.semestr/VD (vytezovani dat)/report temp
lates 2/manhattan.pdf, page is rotated 90 degrees> <E:/Fel/4.semestr/VD (vytezo
vani dat)/report templates 2/cos.pdf, page is rotated 90 degrees> <E:/Fel/4.sem
estr/VD (vytezovani dat)/report templates 2/euklid.pdf, page is rotated 90 degr
ees>]
("E:\Fel\4.semestr\VD (vytezovani dat)\report templates 2\336vd_report.aux")

LaTeX Warning: There were multiply-defined labels.

 ) 
Here is how much of TeX's memory you used:
 1512 strings out of 495285
 23143 string characters out of 3179878
 88047 words of memory out of 3000000
 4750 multiletter control sequences out of 15000+200000
 36496 words of font info for 70 fonts, out of 3000000 for 9000
 14 hyphenation exceptions out of 8191
 26i,9n,19p,539b,236s stack positions out of 5000i,500n,10000p,200000b,50000s
{C:/Program Files (x86)/MiKTeX 2.8/fonts/enc/dvips/fontname/8r.enc}<C:/Progra
m Files (x86)/MiKTeX 2.8/fonts/type1/public/amsfonts/cm/cmex10.pfb><C:/Program 
Files (x86)/MiKTeX 2.8/fonts/type1/public/amsfonts/cm/cmmi10.pfb><C:/Program Fi
les (x86)/MiKTeX 2.8/fonts/type1/public/amsfonts/cm/cmmi7.pfb><C:/Program Files
 (x86)/MiKTeX 2.8/fonts/type1/public/amsfonts/cm/cmr10.pfb><C:/Program Files (x
86)/MiKTeX 2.8/fonts/type1/public/amsfonts/cm/cmr7.pfb><C:/Program Files (x86)/
MiKTeX 2.8/fonts/type1/public/amsfonts/cm/cmsy10.pfb><C:/Program Files (x86)/Mi
KTeX 2.8/fonts/type1/urw/times/utmb8a.pfb><C:/Program Files (x86)/MiKTeX 2.8/fo
nts/type1/urw/times/utmbi8a.pfb><C:/Program Files (x86)/MiKTeX 2.8/fonts/type1/
urw/times/utmr8a.pfb>
Output written on 336vd_report.pdf (2 pages, 316277 bytes).
PDF statistics:
 61 PDF objects out of 1000 (max. 8388607)
 0 named destinations out of 1000 (max. 500000)
 21 words of extra memory for PDF output out of 10000 (max. 10000000)

