25 2 1 8 3 6 5 4 7
25 2 1 8 3 6 5 7 4
25 2 1 8 6 3 5 4 7
25 2 1 8 6 3 5 7 4
25 4 8 3 6 5 1 7 2
25 4 8 3 6 5 7 1 2
25 4 8 6 3 5 1 7 2
25 4 8 6 3 5 7 1 2
28 1 8 3 6 5 4 7 2
28 1 8 3 6 5 7 4 2
28 1 8 6 3 5 4 7 2
28 1 8 6 3 5 7 4 2
35 3 1 8 5 4 7 2 6
35 3 1 8 5 7 4 2 6
35 3 8 1 5 4 7 2 6
35 3 8 1 5 7 4 2 6
42 7 5 3 8 2 1 4 6
42 7 5 3 8 2 4 1 6
42 7 5 3 8 2 6 1 4
42 7 5 3 8 2 6 4 1
42 7 5 8 3 2 1 4 6
42 7 5 8 3 2 4 1 6
42 7 5 8 3 2 6 1 4
42 7 5 8 3 2 6 4 1
50 5 3 8 2 1 4 6 7
50 5 3 8 2 4 1 6 7
50 5 3 8 2 6 1 4 7
50 5 3 8 2 6 4 1 7
50 5 8 3 2 1 4 6 7
50 5 8 3 2 4 1 6 7
50 5 8 3 2 6 1 4 7
50 5 8 3 2 6 4 1 7
75 3 1 4 8 5 2 6 7
75 3 4 1 8 5 2 6 7
75 3 6 8 5 2 1 4 7
75 3 6 8 5 2 4 1 7
100 3 6 8 2 1 5 7 4
100 3 6 8 2 1 7 5 4
100 3 6 8 2 5 1 7 4
100 3 6 8 2 5 7 1 4
100 3 6 8 2 7 1 5 4
100 3 6 8 2 7 5 1 4
104 6 8 2 1 5 7 4 3
104 6 8 2 1 7 5 4 3
104 6 8 2 5 1 7 4 3
104 6 8 2 5 7 1 4 3
104 6 8 2 7 1 5 4 3
104 6 8 2 7 5 1 4 3
107 3 8 2 1 5 7 4 6
107 3 8 2 1 7 5 4 6
107 3 8 2 5 1 7 4 6
107 3 8 2 5 7 1 4 6
107 3 8 2 7 1 5 4 6
107 3 8 2 7 5 1 4 6
111 8 2 1 5 7 4 6 3
111 8 2 1 7 5 4 6 3
111 8 2 5 1 7 4 6 3
111 8 2 5 7 1 4 6 3
111 8 2 7 1 5 4 6 3
111 8 2 7 5 1 4 6 3
