Build started 4.3.2013 15:55:35.
     1>Project "D:\skola\Fel_Ing\4.semestr\PGR\primitives-cube\primitives-cube.vcxproj" on node 2 (build target(s)).
     1>InitializeBuildStatus:
         Creating "Debug\primitives-cube.unsuccessfulbuild" because "AlwaysCreate" was specified.
       ClCompile:
         h:\Program Files (x86)\Microsoft Visual Studio 10.0\VC\bin\CL.exe /c /I"D:\skola\Fel_Ing\4.semestr\PGR\pgr-framework\include" /ZI /nologo /W3 /WX- /Od /Oy- /D WIN32 /D _DEBUG /D _CONSOLE /D _UNICODE /D UNICODE /Gm /EHsc /RTC1 /MDd /GS /fp:precise /Zc:wchar_t /Zc:forScope /Fo"Debug\\" /Fd"Debug\vc100.pdb" /Gd /TP /analyze- /errorReport:prompt "primitives-cube.cpp"
         primitives-cube.cpp
     1>d:\skola\fel_ing\4.semestr\pgr\primitives-cube\primitives-cube.cpp(192): warning C4244: 'initializing' : conversion from 'double' to 'float', possible loss of data
       ManifestResourceCompile:
         All outputs are up-to-date.
       Link:
         h:\Program Files (x86)\Microsoft Visual Studio 10.0\VC\bin\link.exe /ERRORREPORT:PROMPT /OUT:"D:\skola\Fel_Ing\4.semestr\PGR\primitives-cube\Debug\primitives-cube.exe" /INCREMENTAL /NOLOGO /LIBPATH:"D:\skola\Fel_Ing\4.semestr\PGR\pgr-framework\lib" pgrd.lib kernel32.lib user32.lib gdi32.lib winspool.lib comdlg32.lib advapi32.lib shell32.lib ole32.lib oleaut32.lib uuid.lib odbc32.lib odbccp32.lib kernel32.lib user32.lib gdi32.lib winspool.lib comdlg32.lib advapi32.lib shell32.lib ole32.lib oleaut32.lib uuid.lib odbc32.lib odbccp32.lib /MANIFEST /ManifestFile:"Debug\primitives-cube.exe.intermediate.manifest" /MANIFESTUAC:"level='asInvoker' uiAccess='false'" /DEBUG /PDB:"D:\skola\Fel_Ing\4.semestr\PGR\primitives-cube\Debug\primitives-cube.pdb" /SUBSYSTEM:CONSOLE /TLBID:1 /DYNAMICBASE /NXCOMPAT /IMPLIB:"D:\skola\Fel_Ing\4.semestr\PGR\primitives-cube\Debug\primitives-cube.lib" /MACHINE:X86 "Debug\primitives-cube.exe.embed.manifest.res"
         "Debug\primitives-cube.obj"
       Manifest:
         C:\Program Files (x86)\Microsoft SDKs\Windows\v7.0A\bin\mt.exe /nologo /verbose /out:"Debug\primitives-cube.exe.embed.manifest" /manifest "Debug\primitives-cube.exe.intermediate.manifest"
         All outputs are up-to-date.
       LinkEmbedManifest:
         All outputs are up-to-date.
         primitives-cube.vcxproj -> D:\skola\Fel_Ing\4.semestr\PGR\primitives-cube\Debug\primitives-cube.exe
       FinalizeBuildStatus:
         Deleting file "Debug\primitives-cube.unsuccessfulbuild".
         Touching "Debug\primitives-cube.lastbuildstate".
     1>Done Building Project "D:\skola\Fel_Ing\4.semestr\PGR\primitives-cube\primitives-cube.vcxproj" (build target(s)).

Build succeeded.

Time Elapsed 00:00:01.84
